<?xml version="1.0" encoding="UTF-8"?>
<!-- Generated by org.testng.reporters.JUnitReportReporter -->
<testsuite hostname="DESKTOP-6K0HJIJ" failures="0" tests="1" name="Demo2" time="0.005" errors="0" timestamp="2024-06-29T21:04:55 IST" skipped="0">
  <testcase classname="Demo2" name="Test" time="0.005"/>
</testsuite> <!-- Demo2 -->
