<?xml version="1.0" encoding="UTF-8"?>
<!-- Generated by org.testng.reporters.JUnitReportReporter -->
<testsuite hostname="DESKTOP-6K0HJIJ" failures="0" tests="1" name="Demo2" time="0.008" errors="0" timestamp="2024-06-29T21:08:35 IST" skipped="0">
  <testcase classname="Demo2" name="Test" time="0.008"/>
</testsuite> <!-- Demo2 -->
